<?xml version="1.0" encoding="UTF-8"?>
<testsuite name="hello.itemservice.message.MessageSourceTest" tests="1" skipped="0" failures="0" errors="0" timestamp="2023-04-10T00:36:35" hostname="iseungycbookair.lan" time="0.249">
  <properties/>
  <testcase name="argumentMessage()" classname="hello.itemservice.message.MessageSourceTest" time="0.249"/>
  <system-out><![CDATA[17:36:33.941 [Test worker] DEBUG org.springframework.test.context.BootstrapUtils - Instantiating CacheAwareContextLoaderDelegate from class [org.springframework.test.context.cache.DefaultCacheAwareContextLoaderDelegate]
17:36:33.947 [Test worker] DEBUG org.springframework.test.context.BootstrapUtils - Instantiating BootstrapContext using constructor [public org.springframework.test.context.support.DefaultBootstrapContext(java.lang.Class,org.springframework.test.context.CacheAwareContextLoaderDelegate)]
17:36:33.966 [Test worker] DEBUG org.springframework.test.context.BootstrapUtils - Instantiating TestContextBootstrapper for test class [hello.itemservice.message.MessageSourceTest] from class [org.springframework.boot.test.context.SpringBootTestContextBootstrapper]
17:36:33.972 [Test worker] INFO org.springframework.boot.test.context.SpringBootTestContextBootstrapper - Neither @ContextConfiguration nor @ContextHierarchy found for test class [hello.itemservice.message.MessageSourceTest], using SpringBootContextLoader
17:36:33.974 [Test worker] DEBUG org.springframework.test.context.support.AbstractContextLoader - Did not detect default resource location for test class [hello.itemservice.message.MessageSourceTest]: class path resource [hello/itemservice/message/MessageSourceTest-context.xml] does not exist
17:36:33.974 [Test worker] DEBUG org.springframework.test.context.support.AbstractContextLoader - Did not detect default resource location for test class [hello.itemservice.message.MessageSourceTest]: class path resource [hello/itemservice/message/MessageSourceTestContext.groovy] does not exist
17:36:33.975 [Test worker] INFO org.springframework.test.context.support.AbstractContextLoader - Could not detect default resource locations for test class [hello.itemservice.message.MessageSourceTest]: no resource found for suffixes {-context.xml, Context.groovy}.
17:36:33.975 [Test worker] INFO org.springframework.test.context.support.AnnotationConfigContextLoaderUtils - Could not detect default configuration classes for test class [hello.itemservice.message.MessageSourceTest]: MessageSourceTest does not declare any static, non-private, non-final, nested classes annotated with @Configuration.
17:36:33.997 [Test worker] DEBUG org.springframework.test.context.support.ActiveProfilesUtils - Could not find an 'annotation declaring class' for annotation type [org.springframework.test.context.ActiveProfiles] and class [hello.itemservice.message.MessageSourceTest]
17:36:34.029 [Test worker] DEBUG org.springframework.context.annotation.ClassPathScanningCandidateComponentProvider - Identified candidate component class: file [/Users/iseung-yeon/Desktop/Spring/build/classes/java/main/hello/itemservice/ItemServiceApplication.class]
17:36:34.030 [Test worker] INFO org.springframework.boot.test.context.SpringBootTestContextBootstrapper - Found @SpringBootConfiguration hello.itemservice.ItemServiceApplication for test class hello.itemservice.message.MessageSourceTest
17:36:34.079 [Test worker] DEBUG org.springframework.boot.test.context.SpringBootTestContextBootstrapper - @TestExecutionListeners is not present for class [hello.itemservice.message.MessageSourceTest]: using defaults.
17:36:34.080 [Test worker] INFO org.springframework.boot.test.context.SpringBootTestContextBootstrapper - Loaded default TestExecutionListener class names from location [META-INF/spring.factories]: [org.springframework.boot.test.autoconfigure.restdocs.RestDocsTestExecutionListener, org.springframework.boot.test.autoconfigure.web.client.MockRestServiceServerResetTestExecutionListener, org.springframework.boot.test.autoconfigure.web.servlet.MockMvcPrintOnlyOnFailureTestExecutionListener, org.springframework.boot.test.autoconfigure.web.servlet.WebDriverTestExecutionListener, org.springframework.boot.test.autoconfigure.webservices.client.MockWebServiceServerTestExecutionListener, org.springframework.boot.test.mock.mockito.MockitoTestExecutionListener, org.springframework.boot.test.mock.mockito.ResetMocksTestExecutionListener, org.springframework.test.context.web.ServletTestExecutionListener, org.springframework.test.context.support.DirtiesContextBeforeModesTestExecutionListener, org.springframework.test.context.event.ApplicationEventsTestExecutionListener, org.springframework.test.context.support.DependencyInjectionTestExecutionListener, org.springframework.test.context.support.DirtiesContextTestExecutionListener, org.springframework.test.context.transaction.TransactionalTestExecutionListener, org.springframework.test.context.jdbc.SqlScriptsTestExecutionListener, org.springframework.test.context.event.EventPublishingTestExecutionListener]
17:36:34.086 [Test worker] DEBUG org.springframework.boot.test.context.SpringBootTestContextBootstrapper - Skipping candidate TestExecutionListener [org.springframework.test.context.transaction.TransactionalTestExecutionListener] due to a missing dependency. Specify custom listener classes or make the default listener classes and their required dependencies available. Offending class: [org/springframework/transaction/interceptor/TransactionAttributeSource]
17:36:34.086 [Test worker] DEBUG org.springframework.boot.test.context.SpringBootTestContextBootstrapper - Skipping candidate TestExecutionListener [org.springframework.test.context.jdbc.SqlScriptsTestExecutionListener] due to a missing dependency. Specify custom listener classes or make the default listener classes and their required dependencies available. Offending class: [org/springframework/transaction/interceptor/TransactionAttribute]
17:36:34.087 [Test worker] INFO org.springframework.boot.test.context.SpringBootTestContextBootstrapper - Using TestExecutionListeners: [org.springframework.test.context.web.ServletTestExecutionListener@783ea8ab, org.springframework.test.context.support.DirtiesContextBeforeModesTestExecutionListener@12495480, org.springframework.test.context.event.ApplicationEventsTestExecutionListener@40cf8631, org.springframework.boot.test.mock.mockito.MockitoTestExecutionListener@5aa430f4, org.springframework.boot.test.autoconfigure.SpringBootDependencyInjectionTestExecutionListener@5752a0fb, org.springframework.test.context.support.DirtiesContextTestExecutionListener@f6713c5, org.springframework.test.context.event.EventPublishingTestExecutionListener@3325f216, org.springframework.boot.test.autoconfigure.restdocs.RestDocsTestExecutionListener@48fd4716, org.springframework.boot.test.autoconfigure.web.client.MockRestServiceServerResetTestExecutionListener@a6a738a, org.springframework.boot.test.autoconfigure.web.servlet.MockMvcPrintOnlyOnFailureTestExecutionListener@3d24b039, org.springframework.boot.test.autoconfigure.web.servlet.WebDriverTestExecutionListener@218d50c9, org.springframework.boot.test.autoconfigure.webservices.client.MockWebServiceServerTestExecutionListener@36a7619, org.springframework.boot.test.mock.mockito.ResetMocksTestExecutionListener@5ac5b3dd]
17:36:34.088 [Test worker] DEBUG org.springframework.test.context.support.AbstractDirtiesContextTestExecutionListener - Before test class: context [DefaultTestContext@637c7af0 testClass = MessageSourceTest, testInstance = [null], testMethod = [null], testException = [null], mergedContextConfiguration = [WebMergedContextConfiguration@45e9d384 testClass = MessageSourceTest, locations = '{}', classes = '{class hello.itemservice.ItemServiceApplication}', contextInitializerClasses = '[]', activeProfiles = '{}', propertySourceLocations = '{}', propertySourceProperties = '{org.springframework.boot.test.context.SpringBootTestContextBootstrapper=true}', contextCustomizers = set[org.springframework.boot.test.autoconfigure.actuate.metrics.MetricsExportContextCustomizerFactory$DisableMetricExportContextCustomizer@6e08f680, org.springframework.boot.test.autoconfigure.properties.PropertyMappingContextCustomizer@0, org.springframework.boot.test.autoconfigure.web.servlet.WebDriverContextCustomizerFactory$Customizer@66e51251, org.springframework.boot.test.context.filter.ExcludeFilterContextCustomizer@5bbf3a01, org.springframework.boot.test.json.DuplicateJsonObjectContextCustomizerFactory$DuplicateJsonObjectContextCustomizer@bf372ed, org.springframework.boot.test.mock.mockito.MockitoContextCustomizer@0, org.springframework.boot.test.web.client.TestRestTemplateContextCustomizer@beed41e, org.springframework.boot.test.context.SpringBootTestArgs@1, org.springframework.boot.test.context.SpringBootTestWebEnvironment@760d698b], resourceBasePath = 'src/main/webapp', contextLoader = 'org.springframework.boot.test.context.SpringBootContextLoader', parent = [null]], attributes = map['org.springframework.test.context.web.ServletTestExecutionListener.activateListener' -> true]], class annotated with @DirtiesContext [false] with mode [null].
17:36:34.110 [Test worker] DEBUG org.springframework.test.context.support.TestPropertySourceUtils - Adding inlined properties to environment: {spring.jmx.enabled=false, org.springframework.boot.test.context.SpringBootTestContextBootstrapper=true}

  .   ____          _            __ _ _
 /\\ / ___'_ __ _ _(_)_ __  __ _ \ \ \ \
( ( )\___ | '_ | '_| | '_ \/ _` | \ \ \ \
 \\/  ___)| |_)| | | | | || (_| |  ) ) ) )
  '  |____| .__|_| |_|_| |_\__, | / / / /
 =========|_|==============|___/=/_/_/_/
 :: Spring Boot ::                (v2.4.4)

2023-04-09 17:36:34.302  INFO 2951 --- [    Test worker] h.itemservice.message.MessageSourceTest  : Starting MessageSourceTest using Java 11.0.14 on iseungycbookair.lan with PID 2951 (started by iseung-yeon in /Users/iseung-yeon/Desktop/Spring)
2023-04-09 17:36:34.304  INFO 2951 --- [    Test worker] h.itemservice.message.MessageSourceTest  : No active profile set, falling back to default profiles: default
2023-04-09 17:36:35.023  INFO 2951 --- [    Test worker] o.s.s.concurrent.ThreadPoolTaskExecutor  : Initializing ExecutorService 'applicationTaskExecutor'
2023-04-09 17:36:35.090  INFO 2951 --- [    Test worker] o.s.b.a.w.s.WelcomePageHandlerMapping    : Adding welcome page: class path resource [static/index.html]
2023-04-09 17:36:35.266  INFO 2951 --- [    Test worker] h.itemservice.message.MessageSourceTest  : Started MessageSourceTest in 1.15 seconds (JVM running for 1.791)
]]></system-out>
  <system-err><![CDATA[]]></system-err>
</testsuite>
